<?xml version="1.0" encoding="UTF-8"?>
<!-- Generated by org.testng.reporters.JUnitXMLReporter -->
<testsuite ignored="16" hostname="MSI" failures="0" tests="1" name="Research and Analysis Test" time="55.908" errors="0" timestamp="2023-11-14T18:34:30 IST">
  <testcase classname="org.testpackage.TC390_ResearchAndAnalysisTest" name="testLikeCountAfterUserLoginInResearchAndAnalysisPage" time="52.539"/>
  <testcase classname="org.testpackage.TC390_ResearchAndAnalysisTest" name="testBannerTextOfResearchAndAnalysisPage" time="0.0">
    <ignored/>
  </testcase> <!-- testBannerTextOfResearchAndAnalysisPage -->
  <testcase classname="org.testpackage.TC390_ResearchAndAnalysisTest" name="testUserCanShareThePageLinkViaWhatsappOfResearchAndAnalysisPage" time="0.0">
    <ignored/>
  </testcase> <!-- testUserCanShareThePageLinkViaWhatsappOfResearchAndAnalysisPage -->
  <testcase classname="org.testpackage.TC390_ResearchAndAnalysisTest" name="testDownloadCountOfDocumentBeforeUserLoginInResearchAndAnalysisPage" time="0.0">
    <ignored/>
  </testcase> <!-- testDownloadCountOfDocumentBeforeUserLoginInResearchAndAnalysisPage -->
  <testcase classname="org.testpackage.TC390_ResearchAndAnalysisTest" name="testTitleOfDocumentInResearchAndAnalysisPage" time="0.0">
    <ignored/>
  </testcase> <!-- testTitleOfDocumentInResearchAndAnalysisPage -->
  <testcase classname="org.testpackage.TC390_ResearchAndAnalysisTest" name="testLikeCountInResearchAndAnalysisPageDocument" time="0.0">
    <ignored/>
  </testcase> <!-- testLikeCountInResearchAndAnalysisPageDocument -->
  <testcase classname="org.testpackage.TC390_ResearchAndAnalysisTest" name="testLikeCountBeforeUserLoginInResearchAndAnalysisPage" time="0.0">
    <ignored/>
  </testcase> <!-- testLikeCountBeforeUserLoginInResearchAndAnalysisPage -->
  <testcase classname="org.testpackage.TC390_ResearchAndAnalysisTest" name="testUserCanShareThePageLinkViaTelegramOfResearchAndAnalysisPage" time="0.0">
    <ignored/>
  </testcase> <!-- testUserCanShareThePageLinkViaTelegramOfResearchAndAnalysisPage -->
  <testcase classname="org.testpackage.TC390_ResearchAndAnalysisTest" name="testLikeCountOfDocumentAtBeforeUserLoginInResearchAndAnalysisPage" time="0.0">
    <ignored/>
  </testcase> <!-- testLikeCountOfDocumentAtBeforeUserLoginInResearchAndAnalysisPage -->
  <testcase classname="org.testpackage.TC390_ResearchAndAnalysisTest" name="testFilterFunctionalityOfResearchAndAnalysisPage" time="0.0">
    <ignored/>
  </testcase> <!-- testFilterFunctionalityOfResearchAndAnalysisPage -->
  <testcase classname="org.testpackage.TC390_ResearchAndAnalysisTest" name="testPresenceOfYearAndMediumInResearchAndAnalysisPageDocument" time="0.0">
    <ignored/>
  </testcase> <!-- testPresenceOfYearAndMediumInResearchAndAnalysisPageDocument -->
  <testcase classname="org.testpackage.TC390_ResearchAndAnalysisTest" name="testDownloadCountOfDocumentAfterUserLoginInResearchAndAnalysisPage" time="0.0">
    <ignored/>
  </testcase> <!-- testDownloadCountOfDocumentAfterUserLoginInResearchAndAnalysisPage -->
  <testcase classname="org.testpackage.TC390_ResearchAndAnalysisTest" name="testPaginationInResearchAndAnalysisPage" time="0.0">
    <ignored/>
  </testcase> <!-- testPaginationInResearchAndAnalysisPage -->
  <testcase classname="org.testpackage.TC390_ResearchAndAnalysisTest" name="testUserCanShareThePageLinkViaFacebookOfResearchAndAnalysisPage" time="0.0">
    <ignored/>
  </testcase> <!-- testUserCanShareThePageLinkViaFacebookOfResearchAndAnalysisPage -->
  <testcase classname="org.testpackage.TC390_ResearchAndAnalysisTest" name="testClearFilterOptionResearchAndAnalysisPage" time="0.0">
    <ignored/>
  </testcase> <!-- testClearFilterOptionResearchAndAnalysisPage -->
  <testcase classname="org.testpackage.TC390_ResearchAndAnalysisTest" name="testPresenceOfDocumentInResearchAndAnalysisPage" time="0.0">
    <ignored/>
  </testcase> <!-- testPresenceOfDocumentInResearchAndAnalysisPage -->
  <testcase classname="org.testpackage.TC390_ResearchAndAnalysisTest" name="testUserCanShareThePageLinkViaGmailOfResearchAndAnalysisPage" time="0.0">
    <ignored/>
  </testcase> <!-- testUserCanShareThePageLinkViaGmailOfResearchAndAnalysisPage -->
</testsuite> <!-- Research and Analysis Test -->
