<?xml version="1.0" encoding="UTF-8"?>
<!-- Generated by org.testng.reporters.JUnitXMLReporter -->
<testsuite ignored="3" hostname="MSI" failures="1" tests="1" name=" Talks and Interviews Test" time="65.477" errors="0" timestamp="2023-10-17T19:06:03 IST">
  <testcase classname="org.testpackage.TC055_TalksAndInterviews" name="playHindiTalksAndInterviews" time="63.926">
    <failure type="java.lang.IllegalArgumentException" message="bound must be greater than origin">
      <![CDATA[java.lang.IllegalArgumentException: bound must be greater than origin
at java.base/jdk.internal.util.random.RandomSupport.checkRange(RandomSupport.java:232)
at java.base/java.util.random.RandomGenerator.nextInt(RandomGenerator.java:679)
at java.base/java.util.concurrent.ThreadLocalRandom.nextInt(ThreadLocalRandom.java:458)
at org.pageclasspackage.TalksAndInterviews.playVideoRandomnly(TalksAndInterviews.java:144)
at org.testpackage.TC055_TalksAndInterviews.playHindiTalksAndInterviews(TC055_TalksAndInterviews.java:77)
at java.base/java.util.concurrent.ThreadPoolExecutor.runWorker(ThreadPoolExecutor.java:1136)
at java.base/java.util.concurrent.ThreadPoolExecutor$Worker.run(ThreadPoolExecutor.java:635)
at java.base/java.lang.Thread.run(Thread.java:833)
... Removed 12 stack frames]]>
    </failure>
  </testcase> <!-- playHindiTalksAndInterviews -->
  <testcase classname="org.testpackage.TC055_TalksAndInterviews" name="testBannerTextOTalksAndInterviews" time="0.0">
    <ignored/>
  </testcase> <!-- testBannerTextOTalksAndInterviews -->
  <testcase classname="org.testpackage.TC055_TalksAndInterviews" name="playEnglishTalksAndInterviews" time="0.0">
    <ignored/>
  </testcase> <!-- playEnglishTalksAndInterviews -->
  <testcase classname="org.testpackage.TC055_TalksAndInterviews" name="paginationtestOnTalksAndInterviews" time="0.0">
    <ignored/>
  </testcase> <!-- paginationtestOnTalksAndInterviews -->
</testsuite> <!--  Talks and Interviews Test -->
