<?xml version="1.0" encoding="UTF-8"?>
<!-- Generated by org.testng.reporters.JUnitXMLReporter -->
<testsuite ignored="16" hostname="MSI" failures="0" tests="1" name="Toppers Answer Copy Test" time="11.946" errors="0" timestamp="2023-11-09T20:33:18 IST">
  <testcase classname="org.testpackage.TC330_ToppersAnswerCopyTest" name="testUserCanShareThePageLinkViaTelegramOfToppersAnswerCopyPage" time="9.121"/>
  <testcase classname="org.testpackage.TC330_ToppersAnswerCopyTest" name="testLikeCountAfterUserLoginInToppersAnswerCopyPage" time="0.0">
    <ignored/>
  </testcase> <!-- testLikeCountAfterUserLoginInToppersAnswerCopyPage -->
  <testcase classname="org.testpackage.TC330_ToppersAnswerCopyTest" name="testDownloadCountOfDocumentAfterUserLoginInToppersAnswerCopyPage" time="0.0">
    <ignored/>
  </testcase> <!-- testDownloadCountOfDocumentAfterUserLoginInToppersAnswerCopyPage -->
  <testcase classname="org.testpackage.TC330_ToppersAnswerCopyTest" name="testFilterFunctionalityOfToppersAnswerCopyPage" time="0.0">
    <ignored/>
  </testcase> <!-- testFilterFunctionalityOfToppersAnswerCopyPage -->
  <testcase classname="org.testpackage.TC330_ToppersAnswerCopyTest" name="testPaginationInToppersAnswerCopyPage" time="0.0">
    <ignored/>
  </testcase> <!-- testPaginationInToppersAnswerCopyPage -->
  <testcase classname="org.testpackage.TC330_ToppersAnswerCopyTest" name="testPresenceOfDocumentInToppersAnswerCopyPage" time="0.0">
    <ignored/>
  </testcase> <!-- testPresenceOfDocumentInToppersAnswerCopyPage -->
  <testcase classname="org.testpackage.TC330_ToppersAnswerCopyTest" name="testLikeCountBeforeUserLoginInToppersAnswerCopyPage" time="0.0">
    <ignored/>
  </testcase> <!-- testLikeCountBeforeUserLoginInToppersAnswerCopyPage -->
  <testcase classname="org.testpackage.TC330_ToppersAnswerCopyTest" name="testClearFilterOptionToppersAnswerCopyPage" time="0.0">
    <ignored/>
  </testcase> <!-- testClearFilterOptionToppersAnswerCopyPage -->
  <testcase classname="org.testpackage.TC330_ToppersAnswerCopyTest" name="testLikeCountOfDocumentAtBeforeUserLoginInToppersAnswerCopyPage" time="0.0">
    <ignored/>
  </testcase> <!-- testLikeCountOfDocumentAtBeforeUserLoginInToppersAnswerCopyPage -->
  <testcase classname="org.testpackage.TC330_ToppersAnswerCopyTest" name="testLikeCountInToppersAnswerCopyPageDocument" time="0.0">
    <ignored/>
  </testcase> <!-- testLikeCountInToppersAnswerCopyPageDocument -->
  <testcase classname="org.testpackage.TC330_ToppersAnswerCopyTest" name="testUserCanShareThePageLinkViaFacebookOfToppersAnswerCopyPage" time="0.0">
    <ignored/>
  </testcase> <!-- testUserCanShareThePageLinkViaFacebookOfToppersAnswerCopyPage -->
  <testcase classname="org.testpackage.TC330_ToppersAnswerCopyTest" name="testBannerTextOfToppersAnswerCopyPage" time="0.0">
    <ignored/>
  </testcase> <!-- testBannerTextOfToppersAnswerCopyPage -->
  <testcase classname="org.testpackage.TC330_ToppersAnswerCopyTest" name="testDownloadCountOfDocumentBeforeUserLoginInToppersAnswerCopyPage" time="0.0">
    <ignored/>
  </testcase> <!-- testDownloadCountOfDocumentBeforeUserLoginInToppersAnswerCopyPage -->
  <testcase classname="org.testpackage.TC330_ToppersAnswerCopyTest" name="testPresenceOfYearAndMediumInToppersAnswerCopyPageDocument" time="0.0">
    <ignored/>
  </testcase> <!-- testPresenceOfYearAndMediumInToppersAnswerCopyPageDocument -->
  <testcase classname="org.testpackage.TC330_ToppersAnswerCopyTest" name="testUserCanShareThePageLinkViaGmailOfToppersAnswerCopyPage" time="0.0">
    <ignored/>
  </testcase> <!-- testUserCanShareThePageLinkViaGmailOfToppersAnswerCopyPage -->
  <testcase classname="org.testpackage.TC330_ToppersAnswerCopyTest" name="testTitleOfDocumentInToppersAnswerCopyPage" time="0.0">
    <ignored/>
  </testcase> <!-- testTitleOfDocumentInToppersAnswerCopyPage -->
  <testcase classname="org.testpackage.TC330_ToppersAnswerCopyTest" name="testUserCanShareThePageLinkViaWhatsappOfToppersAnswerCopyPage" time="0.0">
    <ignored/>
  </testcase> <!-- testUserCanShareThePageLinkViaWhatsappOfToppersAnswerCopyPage -->
</testsuite> <!-- Toppers Answer Copy Test -->
