<?xml version="1.0" encoding="UTF-8"?>
<!-- Generated by org.testng.reporters.JUnitXMLReporter -->
<testsuite ignored="15" hostname="MSI" failures="0" tests="1" name=" Economic Survey Test" time="32.394" errors="0" timestamp="2023-10-25T18:31:00 IST">
  <testcase classname="org.testpackage.TC036_EconomicSurvey" name="testUserCanShareThePageLinkViaFacebookOfEconomicSurvey" time="29.541"/>
  <testcase classname="org.testpackage.TC036_EconomicSurvey" name="testLikeCountOfDocumentAtBeforeUserLoginInEconomicSurvey" time="0.0">
    <ignored/>
  </testcase> <!-- testLikeCountOfDocumentAtBeforeUserLoginInEconomicSurvey -->
  <testcase classname="org.testpackage.TC036_EconomicSurvey" name="testUserCanShareThePageLinkViaTelegramOfEconomicSurvey" time="0.0">
    <ignored/>
  </testcase> <!-- testUserCanShareThePageLinkViaTelegramOfEconomicSurvey -->
  <testcase classname="org.testpackage.TC036_EconomicSurvey" name="testDownloadCountOfDocumentAfterUserLoginInEconomicSurvey" time="0.0">
    <ignored/>
  </testcase> <!-- testDownloadCountOfDocumentAfterUserLoginInEconomicSurvey -->
  <testcase classname="org.testpackage.TC036_EconomicSurvey" name="testPresenceOfDocumentInEconomicSurvey" time="0.0">
    <ignored/>
  </testcase> <!-- testPresenceOfDocumentInEconomicSurvey -->
  <testcase classname="org.testpackage.TC036_EconomicSurvey" name="testBannerTextOfEconomicSurvey" time="0.0">
    <ignored/>
  </testcase> <!-- testBannerTextOfEconomicSurvey -->
  <testcase classname="org.testpackage.TC036_EconomicSurvey" name="testLikeCountBeforeUserLoginInEconomicSurvey" time="0.0">
    <ignored/>
  </testcase> <!-- testLikeCountBeforeUserLoginInEconomicSurvey -->
  <testcase classname="org.testpackage.TC036_EconomicSurvey" name="testLikeCountInEconomicSurveyDocument" time="0.0">
    <ignored/>
  </testcase> <!-- testLikeCountInEconomicSurveyDocument -->
  <testcase classname="org.testpackage.TC036_EconomicSurvey" name="testUserCanShareThePageLinkViaGmailOfEconomicSurvey" time="0.0">
    <ignored/>
  </testcase> <!-- testUserCanShareThePageLinkViaGmailOfEconomicSurvey -->
  <testcase classname="org.testpackage.TC036_EconomicSurvey" name="testDownloadCountOfDocumentBeforeUserLoginInEconomicSurvey" time="0.0">
    <ignored/>
  </testcase> <!-- testDownloadCountOfDocumentBeforeUserLoginInEconomicSurvey -->
  <testcase classname="org.testpackage.TC036_EconomicSurvey" name="testClearFilterOptionEconomicSurvey" time="0.0">
    <ignored/>
  </testcase> <!-- testClearFilterOptionEconomicSurvey -->
  <testcase classname="org.testpackage.TC036_EconomicSurvey" name="testPresenceOfYearAndMediumInEconomicSurveyDocument" time="0.0">
    <ignored/>
  </testcase> <!-- testPresenceOfYearAndMediumInEconomicSurveyDocument -->
  <testcase classname="org.testpackage.TC036_EconomicSurvey" name="testUserCanShareThePageLinkViaWhatsappOfEconomicSurvey" time="0.0">
    <ignored/>
  </testcase> <!-- testUserCanShareThePageLinkViaWhatsappOfEconomicSurvey -->
  <testcase classname="org.testpackage.TC036_EconomicSurvey" name="testTitleOfDocumentInEconomicSurvey" time="0.0">
    <ignored/>
  </testcase> <!-- testTitleOfDocumentInEconomicSurvey -->
  <testcase classname="org.testpackage.TC036_EconomicSurvey" name="testPaginationInEconomicSurvey" time="0.0">
    <ignored/>
  </testcase> <!-- testPaginationInEconomicSurvey -->
  <testcase classname="org.testpackage.TC036_EconomicSurvey" name="testFilterFunctionalityOfEconomicSurvey" time="0.0">
    <ignored/>
  </testcase> <!-- testFilterFunctionalityOfEconomicSurvey -->
</testsuite> <!--  Economic Survey Test -->
