<?xml version="1.0" encoding="UTF-8"?>
<!-- Generated by org.testng.reporters.JUnitXMLReporter -->
<testsuite ignored="15" hostname="MSI" failures="0" tests="1" name=" Interview Test" time="38.461" errors="0" timestamp="2023-10-26T09:49:50 IST">
  <testcase classname="org.testpackage.TC038_Interview" name="testUserCanShareThePageLinkViaWhatsappOfInterview" time="35.913"/>
  <testcase classname="org.testpackage.TC038_Interview" name="testUserCanShareThePageLinkViaGmailOfInterview" time="0.0">
    <ignored/>
  </testcase> <!-- testUserCanShareThePageLinkViaGmailOfInterview -->
  <testcase classname="org.testpackage.TC038_Interview" name="testDownloadCountOfDocumentAfterUserLoginInInterview" time="0.0">
    <ignored/>
  </testcase> <!-- testDownloadCountOfDocumentAfterUserLoginInInterview -->
  <testcase classname="org.testpackage.TC038_Interview" name="testUserCanShareThePageLinkViaTelegramOfInterview" time="0.0">
    <ignored/>
  </testcase> <!-- testUserCanShareThePageLinkViaTelegramOfInterview -->
  <testcase classname="org.testpackage.TC038_Interview" name="testLikeCountInInterviewDocument" time="0.0">
    <ignored/>
  </testcase> <!-- testLikeCountInInterviewDocument -->
  <testcase classname="org.testpackage.TC038_Interview" name="testUserCanShareThePageLinkViaFacebookOfInterview" time="0.0">
    <ignored/>
  </testcase> <!-- testUserCanShareThePageLinkViaFacebookOfInterview -->
  <testcase classname="org.testpackage.TC038_Interview" name="testBannerTextOfInterview" time="0.0">
    <ignored/>
  </testcase> <!-- testBannerTextOfInterview -->
  <testcase classname="org.testpackage.TC038_Interview" name="testLikeCountBeforeUserLoginInInterview" time="0.0">
    <ignored/>
  </testcase> <!-- testLikeCountBeforeUserLoginInInterview -->
  <testcase classname="org.testpackage.TC038_Interview" name="testPresenceOfDocumentInInterview" time="0.0">
    <ignored/>
  </testcase> <!-- testPresenceOfDocumentInInterview -->
  <testcase classname="org.testpackage.TC038_Interview" name="testClearFilterOptionInterview" time="0.0">
    <ignored/>
  </testcase> <!-- testClearFilterOptionInterview -->
  <testcase classname="org.testpackage.TC038_Interview" name="testLikeCountOfDocumentAtBeforeUserLoginInInterview" time="0.0">
    <ignored/>
  </testcase> <!-- testLikeCountOfDocumentAtBeforeUserLoginInInterview -->
  <testcase classname="org.testpackage.TC038_Interview" name="testDownloadCountOfDocumentBeforeUserLoginInInterview" time="0.0">
    <ignored/>
  </testcase> <!-- testDownloadCountOfDocumentBeforeUserLoginInInterview -->
  <testcase classname="org.testpackage.TC038_Interview" name="testFilterFunctionalityOfInterview" time="0.0">
    <ignored/>
  </testcase> <!-- testFilterFunctionalityOfInterview -->
  <testcase classname="org.testpackage.TC038_Interview" name="testPresenceOfYearAndMediumInInterviewDocument" time="0.0">
    <ignored/>
  </testcase> <!-- testPresenceOfYearAndMediumInInterviewDocument -->
  <testcase classname="org.testpackage.TC038_Interview" name="testPaginationInInterview" time="0.0">
    <ignored/>
  </testcase> <!-- testPaginationInInterview -->
  <testcase classname="org.testpackage.TC038_Interview" name="testTitleOfDocumentInInterview" time="0.0">
    <ignored/>
  </testcase> <!-- testTitleOfDocumentInInterview -->
</testsuite> <!--  Interview Test -->
