<?xml version="1.0" encoding="UTF-8"?>
<!-- Generated by org.testng.reporters.JUnitXMLReporter -->
<testsuite ignored="1" hostname="MSI" failures="0" tests="1" name=" mains365 Pagination  test" time="51.255" errors="0" timestamp="2023-06-02T12:13:01 IST">
  <testcase classname="org.testpackage.ResearchAndAnalysisTest" name="testRAPagination" time="48.351"/>
  <testcase classname="org.testpackage.ResearchAndAnalysisTest" name="testRA" time="0.0">
    <ignored/>
  </testcase> <!-- testRA -->
</testsuite> <!--  mains365 Pagination  test -->
