<?xml version="1.0" encoding="UTF-8"?>
<!-- Generated by org.testng.reporters.JUnitXMLReporter -->
<testsuite ignored="15" hostname="MSI" failures="0" tests="1" name=" Monthly Current Affairs Test" time="53.566" errors="0" timestamp="2023-10-26T18:51:30 IST">
  <testcase classname="org.testpackage.TC270_MonthlyCurrentAffairsTest" name="testDownloadCountOfDocumentAfterUserLoginInMonthlyCurrentAffairsPage" time="52.628"/>
  <testcase classname="org.testpackage.TC270_MonthlyCurrentAffairsTest" name="testLikeCountInMonthlyCurrentAffairsPageDocument" time="0.0">
    <ignored/>
  </testcase> <!-- testLikeCountInMonthlyCurrentAffairsPageDocument -->
  <testcase classname="org.testpackage.TC270_MonthlyCurrentAffairsTest" name="testTitleOfDocumentInMonthlyCurrentAffairsPage" time="0.0">
    <ignored/>
  </testcase> <!-- testTitleOfDocumentInMonthlyCurrentAffairsPage -->
  <testcase classname="org.testpackage.TC270_MonthlyCurrentAffairsTest" name="testPaginationInMonthlyCurrentAffairsPage" time="0.0">
    <ignored/>
  </testcase> <!-- testPaginationInMonthlyCurrentAffairsPage -->
  <testcase classname="org.testpackage.TC270_MonthlyCurrentAffairsTest" name="testUserCanShareThePageLinkViaGmailOfMonthlyCurrentAffairsPage" time="0.0">
    <ignored/>
  </testcase> <!-- testUserCanShareThePageLinkViaGmailOfMonthlyCurrentAffairsPage -->
  <testcase classname="org.testpackage.TC270_MonthlyCurrentAffairsTest" name="testLikeCountBeforeUserLoginInMonthlyCurrentAffairsPage" time="0.0">
    <ignored/>
  </testcase> <!-- testLikeCountBeforeUserLoginInMonthlyCurrentAffairsPage -->
  <testcase classname="org.testpackage.TC270_MonthlyCurrentAffairsTest" name="testUserCanShareThePageLinkViaTelegramOfMonthlyCurrentAffairsPage" time="0.0">
    <ignored/>
  </testcase> <!-- testUserCanShareThePageLinkViaTelegramOfMonthlyCurrentAffairsPage -->
  <testcase classname="org.testpackage.TC270_MonthlyCurrentAffairsTest" name="testUserCanShareThePageLinkViaWhatsappOfMonthlyCurrentAffairsPage" time="0.0">
    <ignored/>
  </testcase> <!-- testUserCanShareThePageLinkViaWhatsappOfMonthlyCurrentAffairsPage -->
  <testcase classname="org.testpackage.TC270_MonthlyCurrentAffairsTest" name="testBannerTextOfMonthlyCurrentAffairsPage" time="0.0">
    <ignored/>
  </testcase> <!-- testBannerTextOfMonthlyCurrentAffairsPage -->
  <testcase classname="org.testpackage.TC270_MonthlyCurrentAffairsTest" name="testLikeCountOfDocumentAtBeforeUserLoginInMonthlyCurrentAffairsPage" time="0.0">
    <ignored/>
  </testcase> <!-- testLikeCountOfDocumentAtBeforeUserLoginInMonthlyCurrentAffairsPage -->
  <testcase classname="org.testpackage.TC270_MonthlyCurrentAffairsTest" name="testUserCanShareThePageLinkViaFacebookOfMonthlyCurrentAffairsPage" time="0.0">
    <ignored/>
  </testcase> <!-- testUserCanShareThePageLinkViaFacebookOfMonthlyCurrentAffairsPage -->
  <testcase classname="org.testpackage.TC270_MonthlyCurrentAffairsTest" name="testPresenceOfDocumentInMonthlyCurrentAffairsPage" time="0.0">
    <ignored/>
  </testcase> <!-- testPresenceOfDocumentInMonthlyCurrentAffairsPage -->
  <testcase classname="org.testpackage.TC270_MonthlyCurrentAffairsTest" name="testPresenceOfYearAndMediumInMonthlyCurrentAffairsPageDocument" time="0.0">
    <ignored/>
  </testcase> <!-- testPresenceOfYearAndMediumInMonthlyCurrentAffairsPageDocument -->
  <testcase classname="org.testpackage.TC270_MonthlyCurrentAffairsTest" name="testFilterFunctionalityOfMonthlyCurrentAffairsPage" time="0.0">
    <ignored/>
  </testcase> <!-- testFilterFunctionalityOfMonthlyCurrentAffairsPage -->
  <testcase classname="org.testpackage.TC270_MonthlyCurrentAffairsTest" name="testClearFilterOptionMonthlyCurrentAffairsPage" time="0.0">
    <ignored/>
  </testcase> <!-- testClearFilterOptionMonthlyCurrentAffairsPage -->
  <testcase classname="org.testpackage.TC270_MonthlyCurrentAffairsTest" name="testDownloadCountOfDocumentBeforeUserLoginInMonthlyCurrentAffairsPage" time="0.0">
    <ignored/>
  </testcase> <!-- testDownloadCountOfDocumentBeforeUserLoginInMonthlyCurrentAffairsPage -->
</testsuite> <!--  Monthly Current Affairs Test -->
