<?xml version="1.0" encoding="UTF-8"?>
<!-- Generated by org.testng.reporters.JUnitXMLReporter -->
<testsuite ignored="16" hostname="MSI" failures="0" tests="1" name=" PT365 Test" time="39.019" errors="0" timestamp="2023-10-30T18:16:06 IST">
  <testcase classname="org.testpackage.TC290_PT365Test" name="testLikeCountAfterUserLoginInPT365Page" time="37.9"/>
  <testcase classname="org.testpackage.TC290_PT365Test" name="testPresenceOfDocumentInPT365Page" time="0.0">
    <ignored/>
  </testcase> <!-- testPresenceOfDocumentInPT365Page -->
  <testcase classname="org.testpackage.TC290_PT365Test" name="testLikeCountBeforeUserLoginInPT365Page" time="0.0">
    <ignored/>
  </testcase> <!-- testLikeCountBeforeUserLoginInPT365Page -->
  <testcase classname="org.testpackage.TC290_PT365Test" name="testTitleOfDocumentInPT365Page" time="0.0">
    <ignored/>
  </testcase> <!-- testTitleOfDocumentInPT365Page -->
  <testcase classname="org.testpackage.TC290_PT365Test" name="testUserCanShareThePageLinkViaTelegramOfPT365Page" time="0.0">
    <ignored/>
  </testcase> <!-- testUserCanShareThePageLinkViaTelegramOfPT365Page -->
  <testcase classname="org.testpackage.TC290_PT365Test" name="testDownloadCountOfDocumentAfterUserLoginInPT365Page" time="0.0">
    <ignored/>
  </testcase> <!-- testDownloadCountOfDocumentAfterUserLoginInPT365Page -->
  <testcase classname="org.testpackage.TC290_PT365Test" name="testUserCanShareThePageLinkViaWhatsappOfPT365Page" time="0.0">
    <ignored/>
  </testcase> <!-- testUserCanShareThePageLinkViaWhatsappOfPT365Page -->
  <testcase classname="org.testpackage.TC290_PT365Test" name="testFilterFunctionalityOfPT365Page" time="0.0">
    <ignored/>
  </testcase> <!-- testFilterFunctionalityOfPT365Page -->
  <testcase classname="org.testpackage.TC290_PT365Test" name="testPresenceOfYearAndMediumInPT365PageDocument" time="0.0">
    <ignored/>
  </testcase> <!-- testPresenceOfYearAndMediumInPT365PageDocument -->
  <testcase classname="org.testpackage.TC290_PT365Test" name="testBannerTextOfPT365Page" time="0.0">
    <ignored/>
  </testcase> <!-- testBannerTextOfPT365Page -->
  <testcase classname="org.testpackage.TC290_PT365Test" name="testLikeCountInPT365PageDocument" time="0.0">
    <ignored/>
  </testcase> <!-- testLikeCountInPT365PageDocument -->
  <testcase classname="org.testpackage.TC290_PT365Test" name="testUserCanShareThePageLinkViaGmailOfPT365Page" time="0.0">
    <ignored/>
  </testcase> <!-- testUserCanShareThePageLinkViaGmailOfPT365Page -->
  <testcase classname="org.testpackage.TC290_PT365Test" name="testLikeCountOfDocumentAtBeforeUserLoginInPT365Page" time="0.0">
    <ignored/>
  </testcase> <!-- testLikeCountOfDocumentAtBeforeUserLoginInPT365Page -->
  <testcase classname="org.testpackage.TC290_PT365Test" name="testDownloadCountOfDocumentBeforeUserLoginInPT365Page" time="0.0">
    <ignored/>
  </testcase> <!-- testDownloadCountOfDocumentBeforeUserLoginInPT365Page -->
  <testcase classname="org.testpackage.TC290_PT365Test" name="testUserCanShareThePageLinkViaFacebookOfPT365Page" time="0.0">
    <ignored/>
  </testcase> <!-- testUserCanShareThePageLinkViaFacebookOfPT365Page -->
  <testcase classname="org.testpackage.TC290_PT365Test" name="testPaginationInPT365Page" time="0.0">
    <ignored/>
  </testcase> <!-- testPaginationInPT365Page -->
  <testcase classname="org.testpackage.TC290_PT365Test" name="testClearFilterOptionPT365Page" time="0.0">
    <ignored/>
  </testcase> <!-- testClearFilterOptionPT365Page -->
</testsuite> <!--  PT365 Test -->
