<?xml version="1.0" encoding="UTF-8"?>
<!-- Generated by org.testng.reporters.JUnitXMLReporter -->
<testsuite ignored="6" hostname="MSI" failures="0" tests="1" name=" Sign Up test" time="25.025" errors="0" timestamp="2023-07-20T14:11:19 IST">
  <testcase classname="org.testpackage.TC001_Signup" name="signWithExistingUser" time="23.143"/>
  <testcase classname="org.testpackage.TC001_Signup" name="testMinimumCharacterLimitationInSignupFields" time="0.0">
    <ignored/>
  </testcase> <!-- testMinimumCharacterLimitationInSignupFields -->
  <testcase classname="org.testpackage.TC001_Signup" name="signUpMoreThanFiveAttemptWithSameEmail" time="0.0">
    <ignored/>
  </testcase> <!-- signUpMoreThanFiveAttemptWithSameEmail -->
  <testcase classname="org.testpackage.TC001_Signup" name="testLessThanMinimumCharacterLimitationInSignupFields" time="0.0">
    <ignored/>
  </testcase> <!-- testLessThanMinimumCharacterLimitationInSignupFields -->
  <testcase classname="org.testpackage.TC001_Signup" name="testGreaterThanMaximumCharacterLimitationInSignupFields" time="0.0">
    <ignored/>
  </testcase> <!-- testGreaterThanMaximumCharacterLimitationInSignupFields -->
  <testcase classname="org.testpackage.TC001_Signup" name="signUpPageTest" time="0.0">
    <ignored/>
  </testcase> <!-- signUpPageTest -->
  <testcase classname="org.testpackage.TC001_Signup" name="testMaximumCharacterLimitationInSignupFields" time="0.0">
    <ignored/>
  </testcase> <!-- testMaximumCharacterLimitationInSignupFields -->
</testsuite> <!--  Sign Up test -->
