<?xml version="1.0" encoding="UTF-8"?>
<!-- Generated by org.testng.reporters.JUnitXMLReporter -->
<testsuite ignored="6" hostname="MSI" failures="0" tests="8" name=" Sign Up page Negative test" time="319.046" errors="0" timestamp="2023-09-13T12:17:05 IST">
  <testcase classname="org.testpackage.TC001_Signup" name="signUpForMissingFieldAndValidData" time="37.659"/>
  <testcase classname="org.testpackage.TC001_Signup" name="signUpForMissingFieldAndValidData" time="29.282"/>
  <testcase classname="org.testpackage.TC001_Signup" name="signUpForMissingFieldAndValidData" time="89.844"/>
  <testcase classname="org.testpackage.TC001_Signup" name="signUpForMissingFieldAndValidData" time="25.216"/>
  <testcase classname="org.testpackage.TC001_Signup" name="signUpForMissingFieldAndValidData" time="27.862"/>
  <testcase classname="org.testpackage.TC001_Signup" name="signUpForMissingFieldAndValidData" time="30.381"/>
  <testcase classname="org.testpackage.TC001_Signup" name="signUpForMissingFieldAndValidData" time="32.135"/>
  <testcase classname="org.testpackage.TC001_Signup" name="signWithExistingUser" time="29.344"/>
  <testcase classname="org.testpackage.TC001_Signup" name="testMinimumCharacterLimitationInSignupFields" time="0.0">
    <ignored/>
  </testcase> <!-- testMinimumCharacterLimitationInSignupFields -->
  <testcase classname="org.testpackage.TC001_Signup" name="signUpWithSameEmailForSixTimes" time="0.0">
    <ignored/>
  </testcase> <!-- signUpWithSameEmailForSixTimes -->
  <testcase classname="org.testpackage.TC001_Signup" name="testLessThanMinimumCharacterLimitationInSignupFields" time="0.0">
    <ignored/>
  </testcase> <!-- testLessThanMinimumCharacterLimitationInSignupFields -->
  <testcase classname="org.testpackage.TC001_Signup" name="signUpAfterFifthTimeWithSameEmail" time="0.0">
    <ignored/>
  </testcase> <!-- signUpAfterFifthTimeWithSameEmail -->
  <testcase classname="org.testpackage.TC001_Signup" name="testGreaterThanMaximumCharacterLimitationInSignupFields" time="0.0">
    <ignored/>
  </testcase> <!-- testGreaterThanMaximumCharacterLimitationInSignupFields -->
  <testcase classname="org.testpackage.TC001_Signup" name="testMaximumCharacterLimitationInSignupFields" time="0.0">
    <ignored/>
  </testcase> <!-- testMaximumCharacterLimitationInSignupFields -->
</testsuite> <!--  Sign Up page Negative test -->
