<?xml version="1.0" encoding="UTF-8"?>
<!-- Generated by org.testng.reporters.JUnitXMLReporter -->
<testsuite ignored="15" hostname="MSI" failures="0" tests="1" name=" Union Budget Test" time="41.859" errors="0" timestamp="2023-10-25T20:04:00 IST">
  <testcase classname="org.testpackage.TC037_UnionBudget" name="testDownloadCountOfDocumentAfterUserLoginInUnionBudget" time="40.804"/>
  <testcase classname="org.testpackage.TC037_UnionBudget" name="testLikeCountBeforeUserLoginInUnionBudget" time="0.0">
    <ignored/>
  </testcase> <!-- testLikeCountBeforeUserLoginInUnionBudget -->
  <testcase classname="org.testpackage.TC037_UnionBudget" name="testTitleOfDocumentInUnionBudget" time="0.0">
    <ignored/>
  </testcase> <!-- testTitleOfDocumentInUnionBudget -->
  <testcase classname="org.testpackage.TC037_UnionBudget" name="testFilterFunctionalityOfUnionBudget" time="0.0">
    <ignored/>
  </testcase> <!-- testFilterFunctionalityOfUnionBudget -->
  <testcase classname="org.testpackage.TC037_UnionBudget" name="testLikeCountOfDocumentAtBeforeUserLoginInUnionBudget" time="0.0">
    <ignored/>
  </testcase> <!-- testLikeCountOfDocumentAtBeforeUserLoginInUnionBudget -->
  <testcase classname="org.testpackage.TC037_UnionBudget" name="testPresenceOfDocumentInUnionBudget" time="0.0">
    <ignored/>
  </testcase> <!-- testPresenceOfDocumentInUnionBudget -->
  <testcase classname="org.testpackage.TC037_UnionBudget" name="testUserCanShareThePageLinkViaTelegramOfUnionBudget" time="0.0">
    <ignored/>
  </testcase> <!-- testUserCanShareThePageLinkViaTelegramOfUnionBudget -->
  <testcase classname="org.testpackage.TC037_UnionBudget" name="testUserCanShareThePageLinkViaFacebookOfUnionBudget" time="0.0">
    <ignored/>
  </testcase> <!-- testUserCanShareThePageLinkViaFacebookOfUnionBudget -->
  <testcase classname="org.testpackage.TC037_UnionBudget" name="testClearFilterOptionUnionBudget" time="0.0">
    <ignored/>
  </testcase> <!-- testClearFilterOptionUnionBudget -->
  <testcase classname="org.testpackage.TC037_UnionBudget" name="testPaginationInUnionBudget" time="0.0">
    <ignored/>
  </testcase> <!-- testPaginationInUnionBudget -->
  <testcase classname="org.testpackage.TC037_UnionBudget" name="testLikeCountInUnionBudgetDocument" time="0.0">
    <ignored/>
  </testcase> <!-- testLikeCountInUnionBudgetDocument -->
  <testcase classname="org.testpackage.TC037_UnionBudget" name="testPresenceOfYearAndMediumInUnionBudgetDocument" time="0.0">
    <ignored/>
  </testcase> <!-- testPresenceOfYearAndMediumInUnionBudgetDocument -->
  <testcase classname="org.testpackage.TC037_UnionBudget" name="testUserCanShareThePageLinkViaWhatsappOfUnionBudget" time="0.0">
    <ignored/>
  </testcase> <!-- testUserCanShareThePageLinkViaWhatsappOfUnionBudget -->
  <testcase classname="org.testpackage.TC037_UnionBudget" name="testBannerTextOfUnionBudget" time="0.0">
    <ignored/>
  </testcase> <!-- testBannerTextOfUnionBudget -->
  <testcase classname="org.testpackage.TC037_UnionBudget" name="testDownloadCountOfDocumentBeforeUserLoginInUnionBudget" time="0.0">
    <ignored/>
  </testcase> <!-- testDownloadCountOfDocumentBeforeUserLoginInUnionBudget -->
  <testcase classname="org.testpackage.TC037_UnionBudget" name="testUserCanShareThePageLinkViaGmailOfUnionBudget" time="0.0">
    <ignored/>
  </testcase> <!-- testUserCanShareThePageLinkViaGmailOfUnionBudget -->
</testsuite> <!--  Union Budget Test -->
