<?xml version="1.0" encoding="UTF-8"?>
<!-- Generated by org.testng.reporters.JUnitXMLReporter -->
<testsuite ignored="15" hostname="MSI" failures="0" tests="2" name=" Value Added Material Test" time="30.841" errors="0" timestamp="2023-11-07T12:39:12 IST">
  <testcase classname="org.testpackage.TC330_ValueAddedMaterialTest" name="testPresenceOfYearAndMediumInValueAddedMaterialPageDocument" time="11.899"/>
  <testcase classname="org.testpackage.TC330_ValueAddedMaterialTest" name="testLikeCountBeforeUserLoginInValueAddedMaterialPage" time="12.592"/>
  <testcase classname="org.testpackage.TC330_ValueAddedMaterialTest" name="testFilterFunctionalityOfValueAddedMaterialPage" time="0.0">
    <ignored/>
  </testcase> <!-- testFilterFunctionalityOfValueAddedMaterialPage -->
  <testcase classname="org.testpackage.TC330_ValueAddedMaterialTest" name="testLikeCountAfterUserLoginInValueAddedMaterialPage" time="0.0">
    <ignored/>
  </testcase> <!-- testLikeCountAfterUserLoginInValueAddedMaterialPage -->
  <testcase classname="org.testpackage.TC330_ValueAddedMaterialTest" name="testPaginationInValueAddedMaterialPage" time="0.0">
    <ignored/>
  </testcase> <!-- testPaginationInValueAddedMaterialPage -->
  <testcase classname="org.testpackage.TC330_ValueAddedMaterialTest" name="testUserCanShareThePageLinkViaWhatsappOfValueAddedMaterialPage" time="0.0">
    <ignored/>
  </testcase> <!-- testUserCanShareThePageLinkViaWhatsappOfValueAddedMaterialPage -->
  <testcase classname="org.testpackage.TC330_ValueAddedMaterialTest" name="testDownloadCountOfDocumentBeforeUserLoginInValueAddedMaterialPage" time="0.0">
    <ignored/>
  </testcase> <!-- testDownloadCountOfDocumentBeforeUserLoginInValueAddedMaterialPage -->
  <testcase classname="org.testpackage.TC330_ValueAddedMaterialTest" name="testPresenceOfDocumentInValueAddedMaterialPage" time="0.0">
    <ignored/>
  </testcase> <!-- testPresenceOfDocumentInValueAddedMaterialPage -->
  <testcase classname="org.testpackage.TC330_ValueAddedMaterialTest" name="testLikeCountInValueAddedMaterialPageDocument" time="0.0">
    <ignored/>
  </testcase> <!-- testLikeCountInValueAddedMaterialPageDocument -->
  <testcase classname="org.testpackage.TC330_ValueAddedMaterialTest" name="testBannerTextOfValueAddedMaterialPage" time="0.0">
    <ignored/>
  </testcase> <!-- testBannerTextOfValueAddedMaterialPage -->
  <testcase classname="org.testpackage.TC330_ValueAddedMaterialTest" name="testUserCanShareThePageLinkViaTelegramOfValueAddedMaterialPage" time="0.0">
    <ignored/>
  </testcase> <!-- testUserCanShareThePageLinkViaTelegramOfValueAddedMaterialPage -->
  <testcase classname="org.testpackage.TC330_ValueAddedMaterialTest" name="testUserCanShareThePageLinkViaFacebookOfValueAddedMaterialPage" time="0.0">
    <ignored/>
  </testcase> <!-- testUserCanShareThePageLinkViaFacebookOfValueAddedMaterialPage -->
  <testcase classname="org.testpackage.TC330_ValueAddedMaterialTest" name="testUserCanShareThePageLinkViaGmailOfValueAddedMaterialPage" time="0.0">
    <ignored/>
  </testcase> <!-- testUserCanShareThePageLinkViaGmailOfValueAddedMaterialPage -->
  <testcase classname="org.testpackage.TC330_ValueAddedMaterialTest" name="testClearFilterOptionValueAddedMaterialPage" time="0.0">
    <ignored/>
  </testcase> <!-- testClearFilterOptionValueAddedMaterialPage -->
  <testcase classname="org.testpackage.TC330_ValueAddedMaterialTest" name="testDownloadCountOfDocumentAfterUserLoginInValueAddedMaterialPage" time="0.0">
    <ignored/>
  </testcase> <!-- testDownloadCountOfDocumentAfterUserLoginInValueAddedMaterialPage -->
  <testcase classname="org.testpackage.TC330_ValueAddedMaterialTest" name="testLikeCountOfDocumentAtBeforeUserLoginInValueAddedMaterialPage" time="0.0">
    <ignored/>
  </testcase> <!-- testLikeCountOfDocumentAtBeforeUserLoginInValueAddedMaterialPage -->
  <testcase classname="org.testpackage.TC330_ValueAddedMaterialTest" name="testTitleOfDocumentInValueAddedMaterialPage" time="0.0">
    <ignored/>
  </testcase> <!-- testTitleOfDocumentInValueAddedMaterialPage -->
</testsuite> <!--  Value Added Material Test -->
