<?xml version="1.0" encoding="UTF-8"?>
<!-- Generated by org.testng.reporters.JUnitXMLReporter -->
<testsuite ignored="15" hostname="MSI" failures="0" tests="2" name=" Value Addition Optional Subject Test" time="96.674" errors="0" timestamp="2023-10-31T13:56:12 IST">
  <testcase classname="org.testpackage.TC350_ValueAdditionOptionalSubject" name="testFilterFunctionalityOfValueAdditionOptionalSubject" time="40.645"/>
  <testcase classname="org.testpackage.TC350_ValueAdditionOptionalSubject" name="testFilterFunctionalityOfValueAdditionOptionalSubject" time="50.881"/>
  <testcase classname="org.testpackage.TC350_ValueAdditionOptionalSubject" name="testDownloadCountOfDocumentBeforeUserLoginInValueAdditionOptionalSubject" time="0.0">
    <ignored/>
  </testcase> <!-- testDownloadCountOfDocumentBeforeUserLoginInValueAdditionOptionalSubject -->
  <testcase classname="org.testpackage.TC350_ValueAdditionOptionalSubject" name="testLikeCountOfDocumentAtBeforeUserLoginInValueAdditionOptionalSubject" time="0.0">
    <ignored/>
  </testcase> <!-- testLikeCountOfDocumentAtBeforeUserLoginInValueAdditionOptionalSubject -->
  <testcase classname="org.testpackage.TC350_ValueAdditionOptionalSubject" name="testLikeCountBeforeUserLoginInValueAdditionOptionalSubject" time="0.0">
    <ignored/>
  </testcase> <!-- testLikeCountBeforeUserLoginInValueAdditionOptionalSubject -->
  <testcase classname="org.testpackage.TC350_ValueAdditionOptionalSubject" name="testUserCanShareThePageLinkViaWhatsappOfValueAdditionOptionalSubject" time="0.0">
    <ignored/>
  </testcase> <!-- testUserCanShareThePageLinkViaWhatsappOfValueAdditionOptionalSubject -->
  <testcase classname="org.testpackage.TC350_ValueAdditionOptionalSubject" name="testLikeCountAfterUserLoginInValueAdditionOptionalSubject" time="0.0">
    <ignored/>
  </testcase> <!-- testLikeCountAfterUserLoginInValueAdditionOptionalSubject -->
  <testcase classname="org.testpackage.TC350_ValueAdditionOptionalSubject" name="testPresenceOfDocumentInValueAdditionOptionalSubject" time="0.0">
    <ignored/>
  </testcase> <!-- testPresenceOfDocumentInValueAdditionOptionalSubject -->
  <testcase classname="org.testpackage.TC350_ValueAdditionOptionalSubject" name="testClearFilterOptionValueAdditionOptionalSubject" time="0.0">
    <ignored/>
  </testcase> <!-- testClearFilterOptionValueAdditionOptionalSubject -->
  <testcase classname="org.testpackage.TC350_ValueAdditionOptionalSubject" name="testUserCanShareThePageLinkViaTelegramOfValueAdditionOptionalSubject" time="0.0">
    <ignored/>
  </testcase> <!-- testUserCanShareThePageLinkViaTelegramOfValueAdditionOptionalSubject -->
  <testcase classname="org.testpackage.TC350_ValueAdditionOptionalSubject" name="testBannerTextOfValueAdditionOptionalSubject" time="0.0">
    <ignored/>
  </testcase> <!-- testBannerTextOfValueAdditionOptionalSubject -->
  <testcase classname="org.testpackage.TC350_ValueAdditionOptionalSubject" name="testPresenceOfYearAndMediumInValueAdditionOptionalSubjectDocument" time="0.0">
    <ignored/>
  </testcase> <!-- testPresenceOfYearAndMediumInValueAdditionOptionalSubjectDocument -->
  <testcase classname="org.testpackage.TC350_ValueAdditionOptionalSubject" name="testUserCanShareThePageLinkViaGmailOfValueAdditionOptionalSubject" time="0.0">
    <ignored/>
  </testcase> <!-- testUserCanShareThePageLinkViaGmailOfValueAdditionOptionalSubject -->
  <testcase classname="org.testpackage.TC350_ValueAdditionOptionalSubject" name="testUserCanShareThePageLinkViaFacebookOfValueAdditionOptionalSubject" time="0.0">
    <ignored/>
  </testcase> <!-- testUserCanShareThePageLinkViaFacebookOfValueAdditionOptionalSubject -->
  <testcase classname="org.testpackage.TC350_ValueAdditionOptionalSubject" name="testLikeCountInValueAdditionOptionalSubjectDocument" time="0.0">
    <ignored/>
  </testcase> <!-- testLikeCountInValueAdditionOptionalSubjectDocument -->
  <testcase classname="org.testpackage.TC350_ValueAdditionOptionalSubject" name="testTitleOfDocumentInValueAdditionOptionalSubject" time="0.0">
    <ignored/>
  </testcase> <!-- testTitleOfDocumentInValueAdditionOptionalSubject -->
  <testcase classname="org.testpackage.TC350_ValueAdditionOptionalSubject" name="testDownloadCountOfDocumentAfterUserLoginInValueAdditionOptionalSubject" time="0.0">
    <ignored/>
  </testcase> <!-- testDownloadCountOfDocumentAfterUserLoginInValueAdditionOptionalSubject -->
</testsuite> <!--  Value Addition Optional Subject Test -->
