<?xml version="1.0" encoding="UTF-8"?>
<!-- Generated by org.testng.reporters.JUnitXMLReporter -->
<testsuite ignored="15" hostname="MSI" failures="0" tests="1" name=" Weekly Focus Test" time="14.818" errors="0" timestamp="2023-10-26T17:43:03 IST">
  <testcase classname="org.testpackage.TC250_WeeklyFocusTest" name="testPaginationInWeeklyFocus" time="13.773"/>
  <testcase classname="org.testpackage.TC250_WeeklyFocusTest" name="testDownloadCountOfDocumentAfterUserLoginInWeeklyFocus" time="0.0">
    <ignored/>
  </testcase> <!-- testDownloadCountOfDocumentAfterUserLoginInWeeklyFocus -->
  <testcase classname="org.testpackage.TC250_WeeklyFocusTest" name="testLikeCountBeforeUserLoginInWeeklyFocus" time="0.0">
    <ignored/>
  </testcase> <!-- testLikeCountBeforeUserLoginInWeeklyFocus -->
  <testcase classname="org.testpackage.TC250_WeeklyFocusTest" name="testUserCanShareThePageLinkViaWhatsappOfWeeklyFocus" time="0.0">
    <ignored/>
  </testcase> <!-- testUserCanShareThePageLinkViaWhatsappOfWeeklyFocus -->
  <testcase classname="org.testpackage.TC250_WeeklyFocusTest" name="testUserCanShareThePageLinkViaFacebookOfWeeklyFocus" time="0.0">
    <ignored/>
  </testcase> <!-- testUserCanShareThePageLinkViaFacebookOfWeeklyFocus -->
  <testcase classname="org.testpackage.TC250_WeeklyFocusTest" name="testClearFilterOptionWeeklyFocus" time="0.0">
    <ignored/>
  </testcase> <!-- testClearFilterOptionWeeklyFocus -->
  <testcase classname="org.testpackage.TC250_WeeklyFocusTest" name="testLikeCountOfDocumentAtBeforeUserLoginInWeeklyFocus" time="0.0">
    <ignored/>
  </testcase> <!-- testLikeCountOfDocumentAtBeforeUserLoginInWeeklyFocus -->
  <testcase classname="org.testpackage.TC250_WeeklyFocusTest" name="testUserCanShareThePageLinkViaGmailOfWeeklyFocus" time="0.0">
    <ignored/>
  </testcase> <!-- testUserCanShareThePageLinkViaGmailOfWeeklyFocus -->
  <testcase classname="org.testpackage.TC250_WeeklyFocusTest" name="testPresenceOfYearAndMediumInWeeklyFocusDocument" time="0.0">
    <ignored/>
  </testcase> <!-- testPresenceOfYearAndMediumInWeeklyFocusDocument -->
  <testcase classname="org.testpackage.TC250_WeeklyFocusTest" name="testLikeCountInWeeklyFocusDocument" time="0.0">
    <ignored/>
  </testcase> <!-- testLikeCountInWeeklyFocusDocument -->
  <testcase classname="org.testpackage.TC250_WeeklyFocusTest" name="testDownloadCountOfDocumentBeforeUserLoginInWeeklyFocus" time="0.0">
    <ignored/>
  </testcase> <!-- testDownloadCountOfDocumentBeforeUserLoginInWeeklyFocus -->
  <testcase classname="org.testpackage.TC250_WeeklyFocusTest" name="testFilterFunctionalityOfWeeklyFocus" time="0.0">
    <ignored/>
  </testcase> <!-- testFilterFunctionalityOfWeeklyFocus -->
  <testcase classname="org.testpackage.TC250_WeeklyFocusTest" name="testBannerTextOfWeeklyFocus" time="0.0">
    <ignored/>
  </testcase> <!-- testBannerTextOfWeeklyFocus -->
  <testcase classname="org.testpackage.TC250_WeeklyFocusTest" name="testPresenceOfDocumentInWeeklyFocus" time="0.0">
    <ignored/>
  </testcase> <!-- testPresenceOfDocumentInWeeklyFocus -->
  <testcase classname="org.testpackage.TC250_WeeklyFocusTest" name="testUserCanShareThePageLinkViaTelegramOfWeeklyFocus" time="0.0">
    <ignored/>
  </testcase> <!-- testUserCanShareThePageLinkViaTelegramOfWeeklyFocus -->
  <testcase classname="org.testpackage.TC250_WeeklyFocusTest" name="testTitleOfDocumentInWeeklyFocus" time="0.0">
    <ignored/>
  </testcase> <!-- testTitleOfDocumentInWeeklyFocus -->
</testsuite> <!--  Weekly Focus Test -->
