<?xml version="1.0" encoding="UTF-8"?>
<!-- Generated by org.testng.reporters.JUnitXMLReporter -->
<testsuite ignored="5" hostname="MSI" failures="0" tests="1" name=" Forgot Password Test" time="20.169" errors="0" timestamp="2024-01-25T13:51:58 IST">
  <testcase classname="org.testpackage.TC050_ForgotPassword" name="testOTP" time="16.622"/>
  <testcase classname="org.testpackage.TC050_ForgotPassword" name="testByEnteringNonRegisteredEmailAddress" time="0.0">
    <ignored/>
  </testcase> <!-- testByEnteringNonRegisteredEmailAddress -->
  <testcase classname="org.testpackage.TC050_ForgotPassword" name="testByEnteringInValidEmailAddress" time="0.0">
    <ignored/>
  </testcase> <!-- testByEnteringInValidEmailAddress -->
  <testcase classname="org.testpackage.TC050_ForgotPassword" name="testByEnteringValidEmailAddress" time="0.0">
    <ignored/>
  </testcase> <!-- testByEnteringValidEmailAddress -->
  <testcase classname="org.testpackage.TC050_ForgotPassword" name="testTitleOfForgotPasswordWindow" time="0.0">
    <ignored/>
  </testcase> <!-- testTitleOfForgotPasswordWindow -->
  <testcase classname="org.testpackage.TC050_ForgotPassword" name="testWithoutEmailAddress" time="0.0">
    <ignored/>
  </testcase> <!-- testWithoutEmailAddress -->
</testsuite> <!--  Forgot Password Test -->
