<?xml version="1.0" encoding="UTF-8"?>
<!-- Generated by org.testng.reporters.JUnitXMLReporter -->
<testsuite ignored="4" hostname="MSI" failures="0" tests="2" name=" Forgot Password Test" time="23.602" errors="0" timestamp="2023-11-10T16:58:38 IST">
  <testcase classname="org.testpackage.TC050_ForgotPassword" name="testByEnteringValidEmailAddress" time="7.493"/>
  <testcase classname="org.testpackage.TC050_ForgotPassword" name="testOTP" time="8.62"/>
  <testcase classname="org.testpackage.TC050_ForgotPassword" name="testByEnteringNonRegisteredEmailAddress" time="0.0">
    <ignored/>
  </testcase> <!-- testByEnteringNonRegisteredEmailAddress -->
  <testcase classname="org.testpackage.TC050_ForgotPassword" name="testWithoutEmailAddress" time="0.0">
    <ignored/>
  </testcase> <!-- testWithoutEmailAddress -->
  <testcase classname="org.testpackage.TC050_ForgotPassword" name="testTitleOfForgotPasswordWindow" time="0.0">
    <ignored/>
  </testcase> <!-- testTitleOfForgotPasswordWindow -->
  <testcase classname="org.testpackage.TC050_ForgotPassword" name="testByEnteringInValidEmailAddress" time="0.0">
    <ignored/>
  </testcase> <!-- testByEnteringInValidEmailAddress -->
</testsuite> <!--  Forgot Password Test -->
