<?xml version="1.0" encoding="UTF-8"?>
<!-- Generated by org.testng.reporters.JUnitXMLReporter -->
<testsuite ignored="33" hostname="MSI" failures="0" tests="7" name=" Sign Up page Boundary value test" time="78.779" errors="0" timestamp="2023-11-10T15:33:21 IST">
  <testcase classname="org.testpackage.TC001_Signup" name="signUpWithSameEmailForFiveTimes" time="8.765"/>
  <testcase classname="org.testpackage.TC001_Signup" name="signUpWithSameEmailForFiveTimes" time="8.45"/>
  <testcase classname="org.testpackage.TC001_Signup" name="signUpWithSameEmailForFiveTimes" time="9.496"/>
  <testcase classname="org.testpackage.TC001_Signup" name="signUpWithSameEmailForFiveTimes" time="9.118"/>
  <testcase classname="org.testpackage.TC001_Signup" name="signUpWithSameEmailForFiveTimes" time="9.009"/>
  <testcase classname="org.testpackage.TC001_Signup" name="signUpAfterFifthTimeWithSameEmail" time="7.7"/>
  <testcase classname="org.testpackage.TC001_Signup" name="signUpAfterFifthTimeWithSameEmail" time="8.049"/>
  <testcase classname="org.testpackage.TC001_Signup" name="testSpaceCountedAsACharacterButNotAtTheBeginningAndEndofThePassword" time="0.0">
    <ignored/>
  </testcase> <!-- testSpaceCountedAsACharacterButNotAtTheBeginningAndEndofThePassword -->
  <testcase classname="org.testpackage.TC001_Signup" name="testMinimumCharacterLimitationInSignupFields" time="0.0">
    <ignored/>
  </testcase> <!-- testMinimumCharacterLimitationInSignupFields -->
  <testcase classname="org.testpackage.TC001_Signup" name="testByEnteringEmailAddressWithoutDotOperator" time="0.0">
    <ignored/>
  </testcase> <!-- testByEnteringEmailAddressWithoutDotOperator -->
  <testcase classname="org.testpackage.TC001_Signup" name="testByEnteringTheBlankSpaceBetweenMobileNumber" time="0.0">
    <ignored/>
  </testcase> <!-- testByEnteringTheBlankSpaceBetweenMobileNumber -->
  <testcase classname="org.testpackage.TC001_Signup" name="testByEnteringEmailAddressWithTailingDotOperators" time="0.0">
    <ignored/>
  </testcase> <!-- testByEnteringEmailAddressWithTailingDotOperators -->
  <testcase classname="org.testpackage.TC001_Signup" name="testMaximumCharacterLimitationInSignupFields" time="0.0">
    <ignored/>
  </testcase> <!-- testMaximumCharacterLimitationInSignupFields -->
  <testcase classname="org.testpackage.TC001_Signup" name="testByEnteringOnlySpecialCharactersInFirstAndLastnameFields" time="0.0">
    <ignored/>
  </testcase> <!-- testByEnteringOnlySpecialCharactersInFirstAndLastnameFields -->
  <testcase classname="org.testpackage.TC001_Signup" name="testByEnteringOnlyNumbersInEmailAddressField" time="0.0">
    <ignored/>
  </testcase> <!-- testByEnteringOnlyNumbersInEmailAddressField -->
  <testcase classname="org.testpackage.TC001_Signup" name="testByEnteringAlphaNumericBeforeDomainInEmailAddressField" time="0.0">
    <ignored/>
  </testcase> <!-- testByEnteringAlphaNumericBeforeDomainInEmailAddressField -->
  <testcase classname="org.testpackage.TC001_Signup" name="testByEnteringOnlySpecialCharactersInPassword" time="0.0">
    <ignored/>
  </testcase> <!-- testByEnteringOnlySpecialCharactersInPassword -->
  <testcase classname="org.testpackage.TC001_Signup" name="testByEnteringNumbersInFirstAndLastnameFields" time="0.0">
    <ignored/>
  </testcase> <!-- testByEnteringNumbersInFirstAndLastnameFields -->
  <testcase classname="org.testpackage.TC001_Signup" name="testLabels" time="0.0">
    <ignored/>
  </testcase> <!-- testLabels -->
  <testcase classname="org.testpackage.TC001_Signup" name="testByEnteringSpaceBetweenEachAlphabetsInFirstAndLastnameFields" time="0.0">
    <ignored/>
  </testcase> <!-- testByEnteringSpaceBetweenEachAlphabetsInFirstAndLastnameFields -->
  <testcase classname="org.testpackage.TC001_Signup" name="testByEnteringEmailAddressWithoutAtSymbol" time="0.0">
    <ignored/>
  </testcase> <!-- testByEnteringEmailAddressWithoutAtSymbol -->
  <testcase classname="org.testpackage.TC001_Signup" name="testByEnteringEmailAddressWithoutDomainName" time="0.0">
    <ignored/>
  </testcase> <!-- testByEnteringEmailAddressWithoutDomainName -->
  <testcase classname="org.testpackage.TC001_Signup" name="testByEnteringTheEmailidWithDomainNameDotNet" time="0.0">
    <ignored/>
  </testcase> <!-- testByEnteringTheEmailidWithDomainNameDotNet -->
  <testcase classname="org.testpackage.TC001_Signup" name="testByEnteringAlphaNumericCharacterInFirstAndLastnameFields" time="0.0">
    <ignored/>
  </testcase> <!-- testByEnteringAlphaNumericCharacterInFirstAndLastnameFields -->
  <testcase classname="org.testpackage.TC001_Signup" name="testByEnteringCobinationOfAllCharactersInPassword" time="0.0">
    <ignored/>
  </testcase> <!-- testByEnteringCobinationOfAllCharactersInPassword -->
  <testcase classname="org.testpackage.TC001_Signup" name="signUpWithExistingUserEmailAddress" time="0.0">
    <ignored/>
  </testcase> <!-- signUpWithExistingUserEmailAddress -->
  <testcase classname="org.testpackage.TC001_Signup" name="testByEnteringCountryName" time="0.0">
    <ignored/>
  </testcase> <!-- testByEnteringCountryName -->
  <testcase classname="org.testpackage.TC001_Signup" name="testByEnteringDotOperatorBetweenNameInFirstAndLastnameFields" time="0.0">
    <ignored/>
  </testcase> <!-- testByEnteringDotOperatorBetweenNameInFirstAndLastnameFields -->
  <testcase classname="org.testpackage.TC001_Signup" name="testGreaterThanMaximumCharacterLimitationInSignupFields" time="0.0">
    <ignored/>
  </testcase> <!-- testGreaterThanMaximumCharacterLimitationInSignupFields -->
  <testcase classname="org.testpackage.TC001_Signup" name="testByEnteringOnlyAlphabetsInPassword" time="0.0">
    <ignored/>
  </testcase> <!-- testByEnteringOnlyAlphabetsInPassword -->
  <testcase classname="org.testpackage.TC001_Signup" name="testByEnteringtenZerosInMobileNumberField" time="0.0">
    <ignored/>
  </testcase> <!-- testByEnteringtenZerosInMobileNumberField -->
  <testcase classname="org.testpackage.TC001_Signup" name="testByEnteringTheEmailidWithDomainNameDotOrg" time="0.0">
    <ignored/>
  </testcase> <!-- testByEnteringTheEmailidWithDomainNameDotOrg -->
  <testcase classname="org.testpackage.TC001_Signup" name="testByEnteringEmailAddressWithTwoAtSymbols" time="0.0">
    <ignored/>
  </testcase> <!-- testByEnteringEmailAddressWithTwoAtSymbols -->
  <testcase classname="org.testpackage.TC001_Signup" name="testByEnteringSpecialCharactersInMobileNumberField" time="0.0">
    <ignored/>
  </testcase> <!-- testByEnteringSpecialCharactersInMobileNumberField -->
  <testcase classname="org.testpackage.TC001_Signup" name="testByEnteringOnlyNumbersInPassword" time="0.0">
    <ignored/>
  </testcase> <!-- testByEnteringOnlyNumbersInPassword -->
  <testcase classname="org.testpackage.TC001_Signup" name="testByEnteringSameNameInFirstAndLastnameFields" time="0.0">
    <ignored/>
  </testcase> <!-- testByEnteringSameNameInFirstAndLastnameFields -->
  <testcase classname="org.testpackage.TC001_Signup" name="testLessThanMinimumCharacterLimitationInSignupFields" time="0.0">
    <ignored/>
  </testcase> <!-- testLessThanMinimumCharacterLimitationInSignupFields -->
  <testcase classname="org.testpackage.TC001_Signup" name="testByEnteringZeroAtInitialPlaceInMobileNumberField" time="0.0">
    <ignored/>
  </testcase> <!-- testByEnteringZeroAtInitialPlaceInMobileNumberField -->
  <testcase classname="org.testpackage.TC001_Signup" name="signUpForMissingFieldAndValidData" time="0.0">
    <ignored/>
  </testcase> <!-- signUpForMissingFieldAndValidData -->
  <testcase classname="org.testpackage.TC001_Signup" name="testByEnteringTheEmailidWithDomainNameDotIn" time="0.0">
    <ignored/>
  </testcase> <!-- testByEnteringTheEmailidWithDomainNameDotIn -->
</testsuite> <!--  Sign Up page Boundary value test -->
