<?xml version="1.0" encoding="UTF-8"?>
<!-- Generated by org.testng.reporters.JUnitXMLReporter -->
<testsuite ignored="6" hostname="MSI" failures="0" tests="7" name=" Sign Up page Negative test" time="221.556" errors="0" timestamp="2023-08-01T13:10:37 IST">
  <testcase classname="org.testpackage.TC001_Signup" name="signUpForMissingFieldAndValidData" time="36.705"/>
  <testcase classname="org.testpackage.TC001_Signup" name="signUpForMissingFieldAndValidData" time="22.866"/>
  <testcase classname="org.testpackage.TC001_Signup" name="signUpForMissingFieldAndValidData" time="22.771"/>
  <testcase classname="org.testpackage.TC001_Signup" name="signUpForMissingFieldAndValidData" time="23.49"/>
  <testcase classname="org.testpackage.TC001_Signup" name="signUpForMissingFieldAndValidData" time="23.749"/>
  <testcase classname="org.testpackage.TC001_Signup" name="signUpForMissingFieldAndValidData" time="24.451"/>
  <testcase classname="org.testpackage.TC001_Signup" name="signUpForMissingFieldAndValidData" time="26.844"/>
  <testcase classname="org.testpackage.TC001_Signup" name="testMinimumCharacterLimitationInSignupFields" time="0.0">
    <ignored/>
  </testcase> <!-- testMinimumCharacterLimitationInSignupFields -->
  <testcase classname="org.testpackage.TC001_Signup" name="signUpMoreThanFiveAttemptWithSameEmail" time="0.0">
    <ignored/>
  </testcase> <!-- signUpMoreThanFiveAttemptWithSameEmail -->
  <testcase classname="org.testpackage.TC001_Signup" name="testLessThanMinimumCharacterLimitationInSignupFields" time="0.0">
    <ignored/>
  </testcase> <!-- testLessThanMinimumCharacterLimitationInSignupFields -->
  <testcase classname="org.testpackage.TC001_Signup" name="signWithExistingUser" time="0.0">
    <ignored/>
  </testcase> <!-- signWithExistingUser -->
  <testcase classname="org.testpackage.TC001_Signup" name="testGreaterThanMaximumCharacterLimitationInSignupFields" time="0.0">
    <ignored/>
  </testcase> <!-- testGreaterThanMaximumCharacterLimitationInSignupFields -->
  <testcase classname="org.testpackage.TC001_Signup" name="testMaximumCharacterLimitationInSignupFields" time="0.0">
    <ignored/>
  </testcase> <!-- testMaximumCharacterLimitationInSignupFields -->
</testsuite> <!--  Sign Up page Negative test -->
