<?xml version="1.0" encoding="UTF-8"?>
<testng-results ignored="33" total="41" passed="8" failed="0" skipped="0">
  <reporter-output>
  </reporter-output>
  <suite started-at="2024-01-17T13:51:18 IST" name="Sign Up" finished-at="2024-01-17T13:53:20 IST" duration-ms="122054">
    <groups>
    </groups>
    <test started-at="2024-01-17T13:51:18 IST" name=" Sign Up page Negative test" finished-at="2024-01-17T13:53:20 IST" duration-ms="122054">
      <class name="org.testpackage.TC001_Signup">
        <test-method is-config="true" signature="initiateExtentReports()[pri:0, instance:org.testpackage.TC001_Signup@367ffa75]" started-at="2024-01-17T13:51:18 IST" name="initiateExtentReports" finished-at="2024-01-17T13:51:18 IST" duration-ms="251" status="PASS">
          <reporter-output>
          </reporter-output>
        </test-method> <!-- initiateExtentReports -->
        <test-method is-config="true" signature="launch(org.testng.ITestContext,java.lang.String)[pri:0, instance:org.testpackage.TC001_Signup@367ffa75]" started-at="2024-01-17T13:51:18 IST" name="launch" finished-at="2024-01-17T13:51:20 IST" duration-ms="1661" status="PASS">
          <params>
            <param index="0">
              <value>
                <![CDATA[org.testng.TestRunner@e49437]]>
              </value>
            </param>
            <param index="1">
              <value>
                <![CDATA[chrome]]>
              </value>
            </param>
          </params>
          <reporter-output>
          </reporter-output>
        </test-method> <!-- launch -->
        <test-method signature="signUpWithExistingUserEmailAddress(java.lang.String,java.lang.String,java.lang.String,java.lang.String,java.lang.String)[pri:32, instance:org.testpackage.TC001_Signup@367ffa75]" started-at="2024-01-17T13:51:20 IST" name="signUpWithExistingUserEmailAddress" data-provider="SignUpWithExistingUsertData" finished-at="2024-01-17T13:51:32 IST" duration-ms="12089" status="PASS">
          <params>
            <param index="0">
              <value>
                <![CDATA[Jeya]]>
              </value>
            </param>
            <param index="1">
              <value>
                <![CDATA[sankar]]>
              </value>
            </param>
            <param index="2">
              <value>
                <![CDATA[jeyasankar@visionias.in]]>
              </value>
            </param>
            <param index="3">
              <value>
                <![CDATA[9025133078]]>
              </value>
            </param>
            <param index="4">
              <value>
                <![CDATA[123456]]>
              </value>
            </param>
          </params>
          <reporter-output>
          </reporter-output>
        </test-method> <!-- signUpWithExistingUserEmailAddress -->
        <test-method is-config="true" signature="checkStatus(java.lang.reflect.Method,org.testng.ITestResult)[pri:0, instance:org.testpackage.TC001_Signup@367ffa75]" started-at="2024-01-17T13:51:32 IST" name="checkStatus" finished-at="2024-01-17T13:51:32 IST" duration-ms="3" status="PASS">
          <params>
            <param index="0">
              <value>
                <![CDATA[public void org.testpackage.TC001_Signup.signUpWithExistingUserEmailAddress(java.lang.String,java.lang.String,java.lang.String,java.lang.String,java.lang.String) throws java.lang.InterruptedException]]>
              </value>
            </param>
            <param index="1">
              <value>
                <![CDATA[[TestResult name=signUpWithExistingUserEmailAddress status=SUCCESS method=TC001_Signup.signUpWithExistingUserEmailAddress(java.lang.String,java.lang.String,java.lang.String,java.lang.String,java.lang.String)[pri:32, instance:org.testpackage.TC001_Signup@367ffa75] output={null}]]]>
              </value>
            </param>
          </params>
          <reporter-output>
          </reporter-output>
        </test-method> <!-- checkStatus -->
        <test-method is-config="true" signature="launch(org.testng.ITestContext,java.lang.String)[pri:0, instance:org.testpackage.TC001_Signup@367ffa75]" started-at="2024-01-17T13:51:32 IST" name="launch" finished-at="2024-01-17T13:51:33 IST" duration-ms="1480" status="PASS">
          <params>
            <param index="0">
              <value>
                <![CDATA[org.testng.TestRunner@e49437]]>
              </value>
            </param>
            <param index="1">
              <value>
                <![CDATA[chrome]]>
              </value>
            </param>
          </params>
          <reporter-output>
          </reporter-output>
        </test-method> <!-- launch -->
        <test-method signature="signUpForMissingFieldAndValidData(java.lang.String,java.lang.String,java.lang.String,java.lang.String,java.lang.String)[pri:35, instance:org.testpackage.TC001_Signup@367ffa75]" started-at="2024-01-17T13:51:33 IST" name="signUpForMissingFieldAndValidData" data-provider="SignUpWithDataAndWithoutData" finished-at="2024-01-17T13:51:44 IST" duration-ms="10882" status="PASS">
          <params>
            <param index="0">
              <value>
                <![CDATA[]]>
              </value>
            </param>
            <param index="1">
              <value>
                <![CDATA[]]>
              </value>
            </param>
            <param index="2">
              <value>
                <![CDATA[]]>
              </value>
            </param>
            <param index="3">
              <value>
                <![CDATA[]]>
              </value>
            </param>
            <param index="4">
              <value>
                <![CDATA[]]>
              </value>
            </param>
          </params>
          <reporter-output>
          </reporter-output>
        </test-method> <!-- signUpForMissingFieldAndValidData -->
        <test-method is-config="true" signature="checkStatus(java.lang.reflect.Method,org.testng.ITestResult)[pri:0, instance:org.testpackage.TC001_Signup@367ffa75]" started-at="2024-01-17T13:51:44 IST" name="checkStatus" finished-at="2024-01-17T13:51:44 IST" duration-ms="0" status="PASS">
          <params>
            <param index="0">
              <value>
                <![CDATA[public void org.testpackage.TC001_Signup.signUpForMissingFieldAndValidData(java.lang.String,java.lang.String,java.lang.String,java.lang.String,java.lang.String) throws java.lang.InterruptedException]]>
              </value>
            </param>
            <param index="1">
              <value>
                <![CDATA[[TestResult name=signUpForMissingFieldAndValidData status=SUCCESS method=TC001_Signup.signUpForMissingFieldAndValidData(java.lang.String,java.lang.String,java.lang.String,java.lang.String,java.lang.String)[pri:35, instance:org.testpackage.TC001_Signup@367ffa75] output={null}]]]>
              </value>
            </param>
          </params>
          <reporter-output>
          </reporter-output>
        </test-method> <!-- checkStatus -->
        <test-method is-config="true" signature="launch(org.testng.ITestContext,java.lang.String)[pri:0, instance:org.testpackage.TC001_Signup@367ffa75]" started-at="2024-01-17T13:51:44 IST" name="launch" finished-at="2024-01-17T13:51:45 IST" duration-ms="1154" status="PASS">
          <params>
            <param index="0">
              <value>
                <![CDATA[org.testng.TestRunner@e49437]]>
              </value>
            </param>
            <param index="1">
              <value>
                <![CDATA[chrome]]>
              </value>
            </param>
          </params>
          <reporter-output>
          </reporter-output>
        </test-method> <!-- launch -->
        <test-method signature="signUpForMissingFieldAndValidData(java.lang.String,java.lang.String,java.lang.String,java.lang.String,java.lang.String)[pri:35, instance:org.testpackage.TC001_Signup@367ffa75]" started-at="2024-01-17T13:51:45 IST" name="signUpForMissingFieldAndValidData" data-provider="SignUpWithDataAndWithoutData" finished-at="2024-01-17T13:51:55 IST" duration-ms="9989" status="PASS">
          <params>
            <param index="0">
              <value>
                <![CDATA[]]>
              </value>
            </param>
            <param index="1">
              <value>
                <![CDATA[Sir]]>
              </value>
            </param>
            <param index="2">
              <value>
                <![CDATA[dheeraj@visionias.in]]>
              </value>
            </param>
            <param index="3">
              <value>
                <![CDATA[7894561230]]>
              </value>
            </param>
            <param index="4">
              <value>
                <![CDATA[Jsa12345]]>
              </value>
            </param>
          </params>
          <reporter-output>
          </reporter-output>
        </test-method> <!-- signUpForMissingFieldAndValidData -->
        <test-method is-config="true" signature="launch(org.testng.ITestContext,java.lang.String)[pri:0, instance:org.testpackage.TC001_Signup@367ffa75]" started-at="2024-01-17T13:51:55 IST" name="launch" finished-at="2024-01-17T13:51:57 IST" duration-ms="1488" status="PASS">
          <params>
            <param index="0">
              <value>
                <![CDATA[org.testng.TestRunner@e49437]]>
              </value>
            </param>
            <param index="1">
              <value>
                <![CDATA[chrome]]>
              </value>
            </param>
          </params>
          <reporter-output>
          </reporter-output>
        </test-method> <!-- launch -->
        <test-method is-config="true" signature="checkStatus(java.lang.reflect.Method,org.testng.ITestResult)[pri:0, instance:org.testpackage.TC001_Signup@367ffa75]" started-at="2024-01-17T13:51:55 IST" name="checkStatus" finished-at="2024-01-17T13:51:55 IST" duration-ms="0" status="PASS">
          <params>
            <param index="0">
              <value>
                <![CDATA[public void org.testpackage.TC001_Signup.signUpForMissingFieldAndValidData(java.lang.String,java.lang.String,java.lang.String,java.lang.String,java.lang.String) throws java.lang.InterruptedException]]>
              </value>
            </param>
            <param index="1">
              <value>
                <![CDATA[[TestResult name=signUpForMissingFieldAndValidData status=SUCCESS method=TC001_Signup.signUpForMissingFieldAndValidData(java.lang.String,java.lang.String,java.lang.String,java.lang.String,java.lang.String)[pri:35, instance:org.testpackage.TC001_Signup@367ffa75] output={null}]]]>
              </value>
            </param>
          </params>
          <reporter-output>
          </reporter-output>
        </test-method> <!-- checkStatus -->
        <test-method signature="signUpForMissingFieldAndValidData(java.lang.String,java.lang.String,java.lang.String,java.lang.String,java.lang.String)[pri:35, instance:org.testpackage.TC001_Signup@367ffa75]" started-at="2024-01-17T13:51:57 IST" name="signUpForMissingFieldAndValidData" data-provider="SignUpWithDataAndWithoutData" finished-at="2024-01-17T13:52:11 IST" duration-ms="14463" status="PASS">
          <params>
            <param index="0">
              <value>
                <![CDATA[Dheeraj]]>
              </value>
            </param>
            <param index="1">
              <value>
                <![CDATA[]]>
              </value>
            </param>
            <param index="2">
              <value>
                <![CDATA[sandeep@visionias.in]]>
              </value>
            </param>
            <param index="3">
              <value>
                <![CDATA[7894561230]]>
              </value>
            </param>
            <param index="4">
              <value>
                <![CDATA[Jsa12345]]>
              </value>
            </param>
          </params>
          <reporter-output>
          </reporter-output>
        </test-method> <!-- signUpForMissingFieldAndValidData -->
        <test-method is-config="true" signature="checkStatus(java.lang.reflect.Method,org.testng.ITestResult)[pri:0, instance:org.testpackage.TC001_Signup@367ffa75]" started-at="2024-01-17T13:52:11 IST" name="checkStatus" finished-at="2024-01-17T13:52:11 IST" duration-ms="1" status="PASS">
          <params>
            <param index="0">
              <value>
                <![CDATA[public void org.testpackage.TC001_Signup.signUpForMissingFieldAndValidData(java.lang.String,java.lang.String,java.lang.String,java.lang.String,java.lang.String) throws java.lang.InterruptedException]]>
              </value>
            </param>
            <param index="1">
              <value>
                <![CDATA[[TestResult name=signUpForMissingFieldAndValidData status=SUCCESS method=TC001_Signup.signUpForMissingFieldAndValidData(java.lang.String,java.lang.String,java.lang.String,java.lang.String,java.lang.String)[pri:35, instance:org.testpackage.TC001_Signup@367ffa75] output={null}]]]>
              </value>
            </param>
          </params>
          <reporter-output>
          </reporter-output>
        </test-method> <!-- checkStatus -->
        <test-method is-config="true" signature="launch(org.testng.ITestContext,java.lang.String)[pri:0, instance:org.testpackage.TC001_Signup@367ffa75]" started-at="2024-01-17T13:52:11 IST" name="launch" finished-at="2024-01-17T13:52:13 IST" duration-ms="1347" status="PASS">
          <params>
            <param index="0">
              <value>
                <![CDATA[org.testng.TestRunner@e49437]]>
              </value>
            </param>
            <param index="1">
              <value>
                <![CDATA[chrome]]>
              </value>
            </param>
          </params>
          <reporter-output>
          </reporter-output>
        </test-method> <!-- launch -->
        <test-method signature="signUpForMissingFieldAndValidData(java.lang.String,java.lang.String,java.lang.String,java.lang.String,java.lang.String)[pri:35, instance:org.testpackage.TC001_Signup@367ffa75]" started-at="2024-01-17T13:52:13 IST" name="signUpForMissingFieldAndValidData" data-provider="SignUpWithDataAndWithoutData" finished-at="2024-01-17T13:52:29 IST" duration-ms="16058" status="PASS">
          <params>
            <param index="0">
              <value>
                <![CDATA[Sandeep]]>
              </value>
            </param>
            <param index="1">
              <value>
                <![CDATA[pal]]>
              </value>
            </param>
            <param index="2">
              <value>
                <![CDATA[]]>
              </value>
            </param>
            <param index="3">
              <value>
                <![CDATA[7894561230]]>
              </value>
            </param>
            <param index="4">
              <value>
                <![CDATA[K 12345]]>
              </value>
            </param>
          </params>
          <reporter-output>
          </reporter-output>
        </test-method> <!-- signUpForMissingFieldAndValidData -->
        <test-method is-config="true" signature="launch(org.testng.ITestContext,java.lang.String)[pri:0, instance:org.testpackage.TC001_Signup@367ffa75]" started-at="2024-01-17T13:52:29 IST" name="launch" finished-at="2024-01-17T13:52:30 IST" duration-ms="1426" status="PASS">
          <params>
            <param index="0">
              <value>
                <![CDATA[org.testng.TestRunner@e49437]]>
              </value>
            </param>
            <param index="1">
              <value>
                <![CDATA[chrome]]>
              </value>
            </param>
          </params>
          <reporter-output>
          </reporter-output>
        </test-method> <!-- launch -->
        <test-method is-config="true" signature="checkStatus(java.lang.reflect.Method,org.testng.ITestResult)[pri:0, instance:org.testpackage.TC001_Signup@367ffa75]" started-at="2024-01-17T13:52:29 IST" name="checkStatus" finished-at="2024-01-17T13:52:29 IST" duration-ms="0" status="PASS">
          <params>
            <param index="0">
              <value>
                <![CDATA[public void org.testpackage.TC001_Signup.signUpForMissingFieldAndValidData(java.lang.String,java.lang.String,java.lang.String,java.lang.String,java.lang.String) throws java.lang.InterruptedException]]>
              </value>
            </param>
            <param index="1">
              <value>
                <![CDATA[[TestResult name=signUpForMissingFieldAndValidData status=SUCCESS method=TC001_Signup.signUpForMissingFieldAndValidData(java.lang.String,java.lang.String,java.lang.String,java.lang.String,java.lang.String)[pri:35, instance:org.testpackage.TC001_Signup@367ffa75] output={null}]]]>
              </value>
            </param>
          </params>
          <reporter-output>
          </reporter-output>
        </test-method> <!-- checkStatus -->
        <test-method signature="signUpForMissingFieldAndValidData(java.lang.String,java.lang.String,java.lang.String,java.lang.String,java.lang.String)[pri:35, instance:org.testpackage.TC001_Signup@367ffa75]" started-at="2024-01-17T13:52:30 IST" name="signUpForMissingFieldAndValidData" data-provider="SignUpWithDataAndWithoutData" finished-at="2024-01-17T13:52:42 IST" duration-ms="12093" status="PASS">
          <params>
            <param index="0">
              <value>
                <![CDATA[Chaitra]]>
              </value>
            </param>
            <param index="1">
              <value>
                <![CDATA[Bs]]>
              </value>
            </param>
            <param index="2">
              <value>
                <![CDATA[chaitra@gmail.in]]>
              </value>
            </param>
            <param index="3">
              <value>
                <![CDATA[]]>
              </value>
            </param>
            <param index="4">
              <value>
                <![CDATA[Jsa12345]]>
              </value>
            </param>
          </params>
          <reporter-output>
          </reporter-output>
        </test-method> <!-- signUpForMissingFieldAndValidData -->
        <test-method is-config="true" signature="checkStatus(java.lang.reflect.Method,org.testng.ITestResult)[pri:0, instance:org.testpackage.TC001_Signup@367ffa75]" started-at="2024-01-17T13:52:42 IST" name="checkStatus" finished-at="2024-01-17T13:52:42 IST" duration-ms="0" status="PASS">
          <params>
            <param index="0">
              <value>
                <![CDATA[public void org.testpackage.TC001_Signup.signUpForMissingFieldAndValidData(java.lang.String,java.lang.String,java.lang.String,java.lang.String,java.lang.String) throws java.lang.InterruptedException]]>
              </value>
            </param>
            <param index="1">
              <value>
                <![CDATA[[TestResult name=signUpForMissingFieldAndValidData status=SUCCESS method=TC001_Signup.signUpForMissingFieldAndValidData(java.lang.String,java.lang.String,java.lang.String,java.lang.String,java.lang.String)[pri:35, instance:org.testpackage.TC001_Signup@367ffa75] output={null}]]]>
              </value>
            </param>
          </params>
          <reporter-output>
          </reporter-output>
        </test-method> <!-- checkStatus -->
        <test-method is-config="true" signature="launch(org.testng.ITestContext,java.lang.String)[pri:0, instance:org.testpackage.TC001_Signup@367ffa75]" started-at="2024-01-17T13:52:42 IST" name="launch" finished-at="2024-01-17T13:52:44 IST" duration-ms="1480" status="PASS">
          <params>
            <param index="0">
              <value>
                <![CDATA[org.testng.TestRunner@e49437]]>
              </value>
            </param>
            <param index="1">
              <value>
                <![CDATA[chrome]]>
              </value>
            </param>
          </params>
          <reporter-output>
          </reporter-output>
        </test-method> <!-- launch -->
        <test-method signature="signUpForMissingFieldAndValidData(java.lang.String,java.lang.String,java.lang.String,java.lang.String,java.lang.String)[pri:35, instance:org.testpackage.TC001_Signup@367ffa75]" started-at="2024-01-17T13:52:44 IST" name="signUpForMissingFieldAndValidData" data-provider="SignUpWithDataAndWithoutData" finished-at="2024-01-17T13:52:58 IST" duration-ms="14559" status="PASS">
          <params>
            <param index="0">
              <value>
                <![CDATA[Nalin]]>
              </value>
            </param>
            <param index="1">
              <value>
                <![CDATA[Mad]]>
              </value>
            </param>
            <param index="2">
              <value>
                <![CDATA[bansal@yahoo.com]]>
              </value>
            </param>
            <param index="3">
              <value>
                <![CDATA[9230456789]]>
              </value>
            </param>
            <param index="4">
              <value>
                <![CDATA[]]>
              </value>
            </param>
          </params>
          <reporter-output>
          </reporter-output>
        </test-method> <!-- signUpForMissingFieldAndValidData -->
        <test-method is-config="true" signature="checkStatus(java.lang.reflect.Method,org.testng.ITestResult)[pri:0, instance:org.testpackage.TC001_Signup@367ffa75]" started-at="2024-01-17T13:52:58 IST" name="checkStatus" finished-at="2024-01-17T13:52:58 IST" duration-ms="0" status="PASS">
          <params>
            <param index="0">
              <value>
                <![CDATA[public void org.testpackage.TC001_Signup.signUpForMissingFieldAndValidData(java.lang.String,java.lang.String,java.lang.String,java.lang.String,java.lang.String) throws java.lang.InterruptedException]]>
              </value>
            </param>
            <param index="1">
              <value>
                <![CDATA[[TestResult name=signUpForMissingFieldAndValidData status=SUCCESS method=TC001_Signup.signUpForMissingFieldAndValidData(java.lang.String,java.lang.String,java.lang.String,java.lang.String,java.lang.String)[pri:35, instance:org.testpackage.TC001_Signup@367ffa75] output={null}]]]>
              </value>
            </param>
          </params>
          <reporter-output>
          </reporter-output>
        </test-method> <!-- checkStatus -->
        <test-method is-config="true" signature="launch(org.testng.ITestContext,java.lang.String)[pri:0, instance:org.testpackage.TC001_Signup@367ffa75]" started-at="2024-01-17T13:52:58 IST" name="launch" finished-at="2024-01-17T13:53:00 IST" duration-ms="1526" status="PASS">
          <params>
            <param index="0">
              <value>
                <![CDATA[org.testng.TestRunner@e49437]]>
              </value>
            </param>
            <param index="1">
              <value>
                <![CDATA[chrome]]>
              </value>
            </param>
          </params>
          <reporter-output>
          </reporter-output>
        </test-method> <!-- launch -->
        <test-method signature="signUpForMissingFieldAndValidData(java.lang.String,java.lang.String,java.lang.String,java.lang.String,java.lang.String)[pri:35, instance:org.testpackage.TC001_Signup@367ffa75]" started-at="2024-01-17T13:53:00 IST" name="signUpForMissingFieldAndValidData" data-provider="SignUpWithDataAndWithoutData" finished-at="2024-01-17T13:53:20 IST" duration-ms="20274" status="PASS">
          <params>
            <param index="0">
              <value>
                <![CDATA[Jeya]]>
              </value>
            </param>
            <param index="1">
              <value>
                <![CDATA[Sankar]]>
              </value>
            </param>
            <param index="2">
              <value>
                <![CDATA[jeya.47@look.com]]>
              </value>
            </param>
            <param index="3">
              <value>
                <![CDATA[9025133078]]>
              </value>
            </param>
            <param index="4">
              <value>
                <![CDATA[1234@jk]]>
              </value>
            </param>
          </params>
          <reporter-output>
          </reporter-output>
        </test-method> <!-- signUpForMissingFieldAndValidData -->
        <test-method is-config="true" signature="checkStatus(java.lang.reflect.Method,org.testng.ITestResult)[pri:0, instance:org.testpackage.TC001_Signup@367ffa75]" started-at="2024-01-17T13:53:20 IST" name="checkStatus" finished-at="2024-01-17T13:53:20 IST" duration-ms="1" status="PASS">
          <params>
            <param index="0">
              <value>
                <![CDATA[public void org.testpackage.TC001_Signup.signUpForMissingFieldAndValidData(java.lang.String,java.lang.String,java.lang.String,java.lang.String,java.lang.String) throws java.lang.InterruptedException]]>
              </value>
            </param>
            <param index="1">
              <value>
                <![CDATA[[TestResult name=signUpForMissingFieldAndValidData status=SUCCESS method=TC001_Signup.signUpForMissingFieldAndValidData(java.lang.String,java.lang.String,java.lang.String,java.lang.String,java.lang.String)[pri:35, instance:org.testpackage.TC001_Signup@367ffa75] output={null}]]]>
              </value>
            </param>
          </params>
          <reporter-output>
          </reporter-output>
        </test-method> <!-- checkStatus -->
        <test-method is-config="true" signature="tearDown()[pri:0, instance:org.testpackage.TC001_Signup@367ffa75]" started-at="2024-01-17T13:53:20 IST" name="tearDown" finished-at="2024-01-17T13:53:20 IST" duration-ms="1" status="PASS">
          <reporter-output>
          </reporter-output>
        </test-method> <!-- tearDown -->
        <test-method is-config="true" signature="generateExtentReport()[pri:0, instance:org.testpackage.TC001_Signup@367ffa75]" started-at="2024-01-17T13:53:20 IST" name="generateExtentReport" finished-at="2024-01-17T13:53:21 IST" duration-ms="755" status="PASS">
          <reporter-output>
          </reporter-output>
        </test-method> <!-- generateExtentReport -->
      </class> <!-- org.testpackage.TC001_Signup -->
    </test> <!--  Sign Up page Negative test -->
  </suite> <!-- Sign Up -->
</testng-results>
